<?xml version="1.0" encoding="UTF-8"?>
<!-- Generated by org.testng.reporters.JUnitReportReporter -->
<testsuite hostname="hrahman-lt-9955" failures="2" tests="5" name="runner.runner" time="28.468" errors="0" timestamp="2023-04-15T06:26:08 EET" skipped="0">
  <testcase classname="runner.runner" name="runScenario" time="6.305"/>
  <system-out/>
  <testcase classname="runner.runner" name="runScenario" time="4.461">
    <failure message="Lists differ at element [0]: SAR != KWD expected [SAR] but found [KWD]" type="java.lang.AssertionError">
      <![CDATA[java.lang.AssertionError: Lists differ at element [0]: SAR != KWD expected [SAR] but found [KWD]
at org.testng.Assert.fail(Assert.java:97)
at org.testng.Assert.assertEqualsImpl(Assert.java:136)
at org.testng.Assert.assertEquals(Assert.java:1031)
at org.testng.Assert.assertEquals(Assert.java:993)
at steps.ValidateSubscriptionPackages.CheckCurrencies(ValidateSubscriptionPackages.java:89)
at ✽.the displayed currencies for each plan are "SAR,KWD,KWD"(file:///C:/Users/Hagar.Abdelrahman/eclipse-workspace/STC/src/test/java/feature/ValidateSubscriptionPackages.feature:9)
]]>
    </failure>
  </testcase> <!-- runScenario -->
  <system-out/>
  <testcase classname="runner.runner" name="runScenario" time="4.552">
    <failure message="Lists differ at element [0]: 1 != 2 expected [1] but found [2]" type="java.lang.AssertionError">
      <![CDATA[java.lang.AssertionError: Lists differ at element [0]: 1 != 2 expected [1] but found [2]
at org.testng.Assert.fail(Assert.java:97)
at org.testng.Assert.assertEqualsImpl(Assert.java:136)
at org.testng.Assert.assertEquals(Assert.java:1031)
at org.testng.Assert.assertEquals(Assert.java:993)
at steps.ValidateSubscriptionPackages.CheckPrices(ValidateSubscriptionPackages.java:77)
at ✽.the displayed prices are "1,3,6"(file:///C:/Users/Hagar.Abdelrahman/eclipse-workspace/STC/src/test/java/feature/ValidateSubscriptionPackages.feature:8)
]]>
    </failure>
  </testcase> <!-- runScenario -->
  <system-out/>
  <testcase classname="runner.runner" name="runScenario" time="8.693"/>
  <system-out/>
  <testcase classname="runner.runner" name="runScenario" time="4.457"/>
  <system-out/>
</testsuite> <!-- runner.runner -->
